# JRE version: Java(TM) SE Runtime Environment (8.0_181-b13) (build 1.8.0_181-b13)
# Java VM: Java HotSpot(TM) 64-Bit Server VM (25.181-b13 mixed mode windows-amd64 compressed oops)
Heap:
 PSYoungGen      total 224768K, used 166438K [0x00000000d6100000, 0x00000000e5300000, 0x0000000100000000)
  eden space 214528K, 77% used [0x00000000d6100000,0x00000000e0389878,0x00000000e3280000)
  from space 10240K, 0% used [0x00000000e3e80000,0x00000000e3e80000,0x00000000e4880000)
  to   space 12288K, 0% used [0x00000000e3280000,0x00000000e3280000,0x00000000e3e80000)
 ParOldGen       total 46592K, used 15991K [0x0000000082200000, 0x0000000084f80000, 0x00000000d6100000)
  object space 46592K, 34% used [0x0000000082200000,0x000000008319dec0,0x0000000084f80000)
 Metaspace       used 47171K, capacity 49176K, committed 49320K, reserved 1091584K
  class space    used 6398K, capacity 6755K, committed 6824K, reserved 1048576K
GC Heap History (10 events):
Event: 1.229 GC heap before
{Heap before GC invocations=6 (full 1):
 PSYoungGen      total 70656K, used 5110K [0x00000000d6100000, 0x00000000df300000, 0x0000000100000000)
  eden space 65536K, 0% used [0x00000000d6100000,0x00000000d6100000,0x00000000da100000)
  from space 5120K, 99% used [0x00000000da100000,0x00000000da5fd8a0,0x00000000da600000)
  to   space 9216K, 0% used [0x00000000dea00000,0x00000000dea00000,0x00000000df300000)
 ParOldGen       total 86016K, used 5649K [0x0000000082200000, 0x0000000087600000, 0x00000000d6100000)
  object space 86016K, 6% used [0x0000000082200000,0x00000000827844a0,0x0000000087600000)
 Metaspace       used 20654K, capacity 21214K, committed 21296K, reserved 1067008K
  class space    used 2681K, capacity 2838K, committed 2864K, reserved 1048576K
Event: 1.259 GC heap after
Heap after GC invocations=6 (full 1):
 PSYoungGen      total 70656K, used 0K [0x00000000d6100000, 0x00000000df300000, 0x0000000100000000)
  eden space 65536K, 0% used [0x00000000d6100000,0x00000000d6100000,0x00000000da100000)
  from space 5120K, 0% used [0x00000000da100000,0x00000000da100000,0x00000000da600000)
  to   space 9216K, 0% used [0x00000000dea00000,0x00000000dea00000,0x00000000df300000)
 ParOldGen       total 46592K, used 5170K [0x0000000082200000, 0x0000000084f80000, 0x00000000d6100000)
  object space 46592K, 11% used [0x0000000082200000,0x000000008270cb40,0x0000000084f80000)
 Metaspace       used 20654K, capacity 21214K, committed 21296K, reserved 1067008K
  class space    used 2681K, capacity 2838K, committed 2864K, reserved 1048576K
}
Event: 1.487 GC heap before
{Heap before GC invocations=7 (full 1):
 PSYoungGen      total 70656K, used 65511K [0x00000000d6100000, 0x00000000df300000, 0x0000000100000000)
  eden space 65536K, 99% used [0x00000000d6100000,0x00000000da0f9f48,0x00000000da100000)
  from space 5120K, 0% used [0x00000000da100000,0x00000000da100000,0x00000000da600000)
  to   space 9216K, 0% used [0x00000000dea00000,0x00000000dea00000,0x00000000df300000)
 ParOldGen       total 46592K, used 5170K [0x0000000082200000, 0x0000000084f80000, 0x00000000d6100000)
  object space 46592K, 11% used [0x0000000082200000,0x000000008270cb40,0x0000000084f80000)
 Metaspace       used 23821K, capacity 24504K, committed 24624K, reserved 1071104K
  class space    used 3097K, capacity 3285K, committed 3376K, reserved 1048576K
Event: 1.490 GC heap after
Heap after GC invocations=7 (full 1):
 PSYoungGen      total 125440K, used 4700K [0x00000000d6100000, 0x00000000def00000, 0x0000000100000000)
  eden space 120320K, 0% used [0x00000000d6100000,0x00000000d6100000,0x00000000dd680000)
  from space 5120K, 91% used [0x00000000dea00000,0x00000000dee97108,0x00000000def00000)
  to   space 9216K, 0% used [0x00000000ddd00000,0x00000000ddd00000,0x00000000de600000)
 ParOldGen       total 46592K, used 5242K [0x0000000082200000, 0x0000000084f80000, 0x00000000d6100000)
  object space 46592K, 11% used [0x0000000082200000,0x000000008271eb50,0x0000000084f80000)
 Metaspace       used 23821K, capacity 24504K, committed 24624K, reserved 1071104K
  class space    used 3097K, capacity 3285K, committed 3376K, reserved 1048576K
}
Event: 2.219 GC heap before
{Heap before GC invocations=8 (full 1):
 PSYoungGen      total 125440K, used 125020K [0x00000000d6100000, 0x00000000def00000, 0x0000000100000000)
  eden space 120320K, 100% used [0x00000000d6100000,0x00000000dd680000,0x00000000dd680000)
  from space 5120K, 91% used [0x00000000dea00000,0x00000000dee97108,0x00000000def00000)
  to   space 9216K, 0% used [0x00000000ddd00000,0x00000000ddd00000,0x00000000de600000)
 ParOldGen       total 46592K, used 5242K [0x0000000082200000, 0x0000000084f80000, 0x00000000d6100000)
  object space 46592K, 11% used [0x0000000082200000,0x000000008271eb50,0x0000000084f80000)
 Metaspace       used 29103K, capacity 30190K, committed 30512K, reserved 1075200K
  class space    used 3826K, capacity 4054K, committed 4144K, reserved 1048576K
Event: 2.229 GC heap after
Heap after GC invocations=8 (full 1):
 PSYoungGen      total 136192K, used 9190K [0x00000000d6100000, 0x00000000e4880000, 0x0000000100000000)
  eden space 126976K, 0% used [0x00000000d6100000,0x00000000d6100000,0x00000000ddd00000)
  from space 9216K, 99% used [0x00000000ddd00000,0x00000000de5f9a70,0x00000000de600000)
  to   space 10240K, 0% used [0x00000000e3e80000,0x00000000e3e80000,0x00000000e4880000)
 ParOldGen       total 46592K, used 5526K [0x0000000082200000, 0x0000000084f80000, 0x00000000d6100000)
  object space 46592K, 11% used [0x0000000082200000,0x0000000082765b00,0x0000000084f80000)
 Metaspace       used 29103K, capacity 30190K, committed 30512K, reserved 1075200K
  class space    used 3826K, capacity 4054K, committed 4144K, reserved 1048576K
}
Event: 2.766 GC heap before
{Heap before GC invocations=9 (full 1):
 PSYoungGen      total 136192K, used 82551K [0x00000000d6100000, 0x00000000e4880000, 0x0000000100000000)
  eden space 126976K, 57% used [0x00000000d6100000,0x00000000da8a4390,0x00000000ddd00000)
  from space 9216K, 99% used [0x00000000ddd00000,0x00000000de5f9a70,0x00000000de600000)
  to   space 10240K, 0% used [0x00000000e3e80000,0x00000000e3e80000,0x00000000e4880000)
 ParOldGen       total 46592K, used 5526K [0x0000000082200000, 0x0000000084f80000, 0x00000000d6100000)
  object space 46592K, 11% used [0x0000000082200000,0x0000000082765b00,0x0000000084f80000)
 Metaspace       used 34066K, capacity 35298K, committed 35496K, reserved 1079296K
  class space    used 4645K, capacity 4918K, committed 5032K, reserved 1048576K
Event: 2.774 GC heap after
Heap after GC invocations=9 (full 1):
 PSYoungGen      total 224768K, used 10209K [0x00000000d6100000, 0x00000000e5300000, 0x0000000100000000)
  eden space 214528K, 0% used [0x00000000d6100000,0x00000000d6100000,0x00000000e3280000)
  from space 10240K, 99% used [0x00000000e3e80000,0x00000000e48784d8,0x00000000e4880000)
  to   space 12288K, 0% used [0x00000000e3280000,0x00000000e3280000,0x00000000e3e80000)
 ParOldGen       total 46592K, used 6868K [0x0000000082200000, 0x0000000084f80000, 0x00000000d6100000)
  object space 46592K, 14% used [0x0000000082200000,0x00000000828b5218,0x0000000084f80000)
 Metaspace       used 34066K, capacity 35298K, committed 35496K, reserved 1079296K
  class space    used 4645K, capacity 4918K, committed 5032K, reserved 1048576K
}
Event: 2.774 GC heap before
{Heap before GC invocations=10 (full 2):
 PSYoungGen      total 224768K, used 10209K [0x00000000d6100000, 0x00000000e5300000, 0x0000000100000000)
  eden space 214528K, 0% used [0x00000000d6100000,0x00000000d6100000,0x00000000e3280000)
  from space 10240K, 99% used [0x00000000e3e80000,0x00000000e48784d8,0x00000000e4880000)
  to   space 12288K, 0% used [0x00000000e3280000,0x00000000e3280000,0x00000000e3e80000)
 ParOldGen       total 46592K, used 6868K [0x0000000082200000, 0x0000000084f80000, 0x00000000d6100000)
  object space 46592K, 14% used [0x0000000082200000,0x00000000828b5218,0x0000000084f80000)
 Metaspace       used 34066K, capacity 35298K, committed 35496K, reserved 1079296K
  class space    used 4645K, capacity 4918K, committed 5032K, reserved 1048576K
Event: 2.833 GC heap after
Heap after GC invocations=10 (full 2):
 PSYoungGen      total 224768K, used 0K [0x00000000d6100000, 0x00000000e5300000, 0x0000000100000000)
  eden space 214528K, 0% used [0x00000000d6100000,0x00000000d6100000,0x00000000e3280000)
  from space 10240K, 0% used [0x00000000e3e80000,0x00000000e3e80000,0x00000000e4880000)
  to   space 12288K, 0% used [0x00000000e3280000,0x00000000e3280000,0x00000000e3e80000)
 ParOldGen       total 46592K, used 15991K [0x0000000082200000, 0x0000000084f80000, 0x00000000d6100000)
  object space 46592K, 34% used [0x0000000082200000,0x000000008319dec0,0x0000000084f80000)
 Metaspace       used 34066K, capacity 35298K, committed 35496K, reserved 1079296K
  class space    used 4645K, capacity 4918K, committed 5032K, reserved 1048576K
}

